<?xml version="1.0" encoding="UTF-8"?>
<!-- Generated by org.testng.reporters.JUnitReportReporter -->
<testsuite skipped="0" hostname="Nitish3147559" name="com.Insane.tests.MoviesAPITest" tests="2" failures="0" timestamp="2019-09-28T15:57:47 IST" time="1.794" errors="0">
  <testcase name="getAllMoviesFromUserAccount" time="0.903" classname="com.Insane.tests.MoviesAPITest"/>
  <testcase name="addMovieByAdminAccount" time="0.891" classname="com.Insane.tests.MoviesAPITest"/>
</testsuite> <!-- com.Insane.tests.MoviesAPITest -->
