<?xml version="1.0" encoding="UTF-8"?>
<!-- Generated by org.testng.reporters.JUnitReportReporter -->
<testsuite skipped="0" hostname="Nitish3147559" name="com.Insane.tests.AdminLoginTest" tests="5" failures="0" timestamp="28 Sep 2019 10:29:00 GMT" time="17.040" errors="0">
  <testcase name="verifyAddMovieFunctionality" time="7.733" classname="com.Insane.tests.AdminLoginTest"/>
  <testcase name="verifyTitle" time="0.037" classname="com.Insane.tests.AdminLoginTest"/>
  <testcase name="verifyUsergetsLoggedIn" time="1.907" classname="com.Insane.tests.AdminLoginTest"/>
  <testcase name="verifyAdminNavigationToAddMovie" time="4.140" classname="com.Insane.tests.AdminLoginTest"/>
  <testcase name="verifyAddMovieInvalidMessage" time="3.223" classname="com.Insane.tests.AdminLoginTest"/>
</testsuite> <!-- com.Insane.tests.AdminLoginTest -->
