<?xml version="1.0" encoding="UTF-8"?>
<!-- Generated by org.testng.reporters.JUnitReportReporter -->
<testsuite skipped="0" hostname="Nitish3147559" name="com.Insane.tests.UserLoginTest" tests="2" failures="0" timestamp="28 Sep 2019 11:10:12 GMT" time="1.112" errors="0">
  <testcase name="verifyTitle" time="0.039" classname="com.Insane.tests.UserLoginTest"/>
  <testcase name="verifyUsergetsLoggedIn" time="1.073" classname="com.Insane.tests.UserLoginTest"/>
</testsuite> <!-- com.Insane.tests.UserLoginTest -->
