<?xml version="1.0" encoding="UTF-8"?>
<!-- Generated by org.testng.reporters.JUnitReportReporter -->
<testsuite skipped="0" hostname="Nitish3147559" name="com.Insane.tests.LoginTest" tests="5" failures="0" timestamp="28 Sep 2019 10:11:01 GMT" time="17.590" errors="0">
  <testcase name="verifyAddMovieFunctionality" time="8.403" classname="com.Insane.tests.LoginTest"/>
  <testcase name="verifyTitle" time="0.087" classname="com.Insane.tests.LoginTest"/>
  <testcase name="verifyUsergetsLoggedIn" time="1.666" classname="com.Insane.tests.LoginTest"/>
  <testcase name="verifyAdminNavigationToAddMovie" time="4.096" classname="com.Insane.tests.LoginTest"/>
  <testcase name="verifyAddMovieInvalidMessage" time="3.338" classname="com.Insane.tests.LoginTest"/>
</testsuite> <!-- com.Insane.tests.LoginTest -->
